<?xml version="1.0" encoding="UTF-8"?>
<testsuite xmlns:xsi="http://www.w3.org/2001/XMLSchema-instance" xsi:noNamespaceSchemaLocation="https://maven.apache.org/surefire/maven-surefire-plugin/xsd/surefire-test-report-3.0.xsd" version="3.0" name="com.chat.app.AppApplicationTests" time="7.74" tests="1" errors="0" skipped="0" failures="0">
  <properties>
[...]
</properties>
  <testcase name="contextLoads" classname="com.chat.app.AppApplicationTests" time="2.068">
    <system-out><![CDATA[23:29:43.813 [main] INFO org.springframework.test.context.support.AnnotationConfigContextLoaderUtils -- Could not detect default configuration classes for test class [com.chat.app.AppApplicationTests]: AppApplicationTests does not declare any static, non-private, non-final, nested classes annotated with @Configuration.
23:29:44.094 [main] INFO org.springframework.boot.test.context.SpringBootTestContextBootstrapper -- Found @SpringBootConfiguration com.chat.app.AppApplication for test class com.chat.app.AppApplicationTests

  .   ____          _            __ _ _
 /\\ / ___'_ __ _ _(_)_ __  __ _ \ \ \ \
( ( )\___ | '_ | '_| | '_ \/ _` | \ \ \ \
 \\/  ___)| |_)| | | | | || (_| |  ) ) ) )
  '  |____| .__|_| |_|_| |_\__, | / / / /
 =========|_|==============|___/=/_/_/_/

 :: Spring Boot ::                (v3.3.7)

2025-01-20T23:29:45.164+05:30  INFO 4700 --- [app] [           main] com.chat.app.AppApplicationTests         : Starting AppApplicationTests using Java 19.0.2 with PID 4700 (started by HP in H:\Desktop\springboot\app)
2025-01-20T23:29:45.164+05:30  INFO 4700 --- [app] [           main] com.chat.app.AppApplicationTests         : No active profile set, falling back to 1 default profile: "default"
2025-01-20T23:29:48.605+05:30  INFO 4700 --- [app] [           main] o.s.b.a.w.s.WelcomePageHandlerMapping    : Adding welcome page: class path resource [static/index.html]
2025-01-20T23:29:49.028+05:30  INFO 4700 --- [app] [           main] o.s.m.s.b.SimpleBrokerMessageHandler     : Starting...
2025-01-20T23:29:49.028+05:30  INFO 4700 --- [app] [           main] o.s.m.s.b.SimpleBrokerMessageHandler     : BrokerAvailabilityEvent[available=true, SimpleBrokerMessageHandler [org.springframework.messaging.simp.broker.DefaultSubscriptionRegistry@6d6d480c]]
2025-01-20T23:29:49.028+05:30  INFO 4700 --- [app] [           main] o.s.m.s.b.SimpleBrokerMessageHandler     : Started.
2025-01-20T23:29:49.060+05:30  INFO 4700 --- [app] [           main] com.chat.app.AppApplicationTests         : Started AppApplicationTests in 4.593 seconds (process running for 6.907)
]]></system-out>
  </testcase>
</testsuite>